<?xml version="1.0" encoding="UTF-8"?>
<!-- Generated by org.testng.reporters.JUnitXMLReporter -->
<testsuite hostname="LAPTOP-D2FOFQO2" ignored="0" name="Default test" tests="4" failures="0" timestamp="2020-05-12T14:42:14 CDT" time="76.024" errors="0">
  <testcase name="validUserShdBeAbleToLogin" time="11.442" classname="test.test"/>
  <testcase name="chkDashBoardPage" time="10.671" classname="test.test"/>
  <testcase name="createNewACPage" time="17.844" classname="test.test"/>
  <testcase name="createNewContactPage" time="24.893" classname="test.test"/>
</testsuite> <!-- Default test -->
