<?xml version="1.0" encoding="UTF-8"?>
<testng-results skipped="0" failed="0" ignored="0" total="1" passed="1">
  <reporter-output>
  </reporter-output>
  <suite name="functional_test_data" duration-ms="46682" started-at="2020-05-21T01:46:02 CDT" finished-at="2020-05-21T01:46:49 CDT">
    <groups>
    </groups>
    <test name="LoginTest" duration-ms="46682" started-at="2020-05-21T01:46:02 CDT" finished-at="2020-05-21T01:46:49 CDT">
      <class name="test.AddContactTest">
        <test-method status="PASS" signature="validUserShouldBeAbleToLogin(java.lang.String, java.lang.String, java.lang.String, java.lang.String, java.lang.String, java.lang.String, java.lang.String, java.lang.String, java.lang.String, java.lang.String)[pri:0, instance:test.AddContactTest@cd2dae5]" name="validUserShouldBeAbleToLogin" duration-ms="46645" started-at="2020-05-21T01:46:02 CDT" finished-at="2020-05-21T01:46:49 CDT">
          <params>
            <param index="0">
              <value>
                <![CDATA[techfiosdemo@gmail.com]]>
              </value>
            </param>
            <param index="1">
              <value>
                <![CDATA[abc123]]>
              </value>
            </param>
            <param index="2">
              <value>
                <![CDATA[Fauci]]>
              </value>
            </param>
            <param index="3">
              <value>
                <![CDATA[CDC]]>
              </value>
            </param>
            <param index="4">
              <value>
                <![CDATA[fauci@somemail.com]]>
              </value>
            </param>
            <param index="5">
              <value>
                <![CDATA[a12365478890]]>
              </value>
            </param>
            <param index="6">
              <value>
                <![CDATA[My Home]]>
              </value>
            </param>
            <param index="7">
              <value>
                <![CDATA[Mycity]]>
              </value>
            </param>
            <param index="8">
              <value>
                <![CDATA[TX]]>
              </value>
            </param>
            <param index="9">
              <value>
                <![CDATA[v75034]]>
              </value>
            </param>
          </params>
          <reporter-output>
          </reporter-output>
        </test-method> <!-- validUserShouldBeAbleToLogin -->
      </class> <!-- test.AddContactTest -->
    </test> <!-- LoginTest -->
  </suite> <!-- functional_test_data -->
</testng-results>
