<?xml version="1.0" encoding="UTF-8"?>
<!-- Generated by org.testng.reporters.JUnitXMLReporter -->
<testsuite hostname="LAPTOP-D2FOFQO2" ignored="0" name="Default test" tests="4" failures="0" timestamp="2020-05-14T01:55:07 CDT" time="62.715" errors="0">
  <testcase name="validUserShdBeAbleToLogin" time="9.178" classname="test.test"/>
  <testcase name="chkDashBoardPage" time="9.434" classname="test.test"/>
  <testcase name="createNewACPage" time="13.712" classname="test.test"/>
  <testcase name="createNewContactPage" time="23.387" classname="test.test"/>
</testsuite> <!-- Default test -->
