<?xml version="1.0" encoding="UTF-8"?>
<testng-results skipped="0" failed="0" ignored="0" total="1" passed="1">
  <reporter-output>
  </reporter-output>
  <suite name="Default suite" duration-ms="90830" started-at="2020-05-19T12:34:15 CDT" finished-at="2020-05-19T12:35:46 CDT">
    <groups>
    </groups>
    <test name="Default test" duration-ms="90830" started-at="2020-05-19T12:34:15 CDT" finished-at="2020-05-19T12:35:46 CDT">
      <class name="test.AddContactTest">
        <test-method status="PASS" signature="validUserShouldBeAbleToLogin()[pri:0, instance:test.AddContactTest@75d4a5c2]" name="validUserShouldBeAbleToLogin" duration-ms="90514" started-at="2020-05-19T12:34:15 CDT" finished-at="2020-05-19T12:35:46 CDT">
          <reporter-output>
          </reporter-output>
        </test-method> <!-- validUserShouldBeAbleToLogin -->
        <test-method status="PASS" signature="tearDown()[pri:0, instance:test.AddContactTest@75d4a5c2]" name="tearDown" is-config="true" duration-ms="271" started-at="2020-05-19T12:35:46 CDT" finished-at="2020-05-19T12:35:46 CDT">
          <reporter-output>
          </reporter-output>
        </test-method> <!-- tearDown -->
      </class> <!-- test.AddContactTest -->
    </test> <!-- Default test -->
  </suite> <!-- Default suite -->
</testng-results>
