<?xml version="1.0" encoding="UTF-8"?>
<testng-results skipped="0" failed="0" ignored="0" total="1" passed="1">
  <reporter-output>
  </reporter-output>
  <suite name="Default suite" duration-ms="9095" started-at="2020-05-07T10:29:33 CDT" finished-at="2020-05-07T10:29:42 CDT">
    <groups>
    </groups>
    <test name="Default test" duration-ms="9095" started-at="2020-05-07T10:29:33 CDT" finished-at="2020-05-07T10:29:42 CDT">
      <class name="session5.CRMTest">
        <test-method status="PASS" signature="init()[pri:0, instance:session5.CRMTest@9660f4e]" name="init" is-config="true" duration-ms="7088" started-at="2020-05-07T10:29:33 CDT" finished-at="2020-05-07T10:29:40 CDT">
          <reporter-output>
          </reporter-output>
        </test-method> <!-- init -->
        <test-method status="PASS" signature="loginTest()[pri:0, instance:session5.CRMTest@9660f4e]" name="loginTest" duration-ms="1970" started-at="2020-05-07T10:29:40 CDT" finished-at="2020-05-07T10:29:42 CDT">
          <reporter-output>
          </reporter-output>
        </test-method> <!-- loginTest -->
      </class> <!-- session5.CRMTest -->
    </test> <!-- Default test -->
  </suite> <!-- Default suite -->
</testng-results>
