<?xml version="1.0" encoding="UTF-8"?>
<!-- Generated by org.testng.reporters.JUnitXMLReporter -->
<testsuite hostname="LAPTOP-D2FOFQO2" ignored="0" name="Default test" tests="3" failures="0" timestamp="2020-05-08T17:37:16 CDT" time="126.976" errors="0">
  <testcase name="loginTest" time="2.486" classname="HW.HW_4_5"/>
  <testcase name="Add_Verify_Delete_Contact" time="65.494" classname="HW.HW_4_5"/>
  <testcase name="AddNew_VerifyAdd_Account" time="34.02" classname="HW.HW_4_5"/>
</testsuite> <!-- Default test -->
