<?xml version="1.0" encoding="UTF-8"?>
<testng-results skipped="0" failed="0" ignored="0" total="0" passed="0">
  <reporter-output>
  </reporter-output>
  <suite name="com.Techfios.objectspy.space.AppTest" duration-ms="0" started-at="2020-05-07T15:17:19Z" finished-at="2020-05-07T15:17:19Z">
    <groups>
    </groups>
    <test name="Command line test" duration-ms="0" started-at="2020-05-07T15:17:19Z" finished-at="2020-05-07T15:17:19Z">
    </test> <!-- Command line test -->
  </suite> <!-- com.Techfios.objectspy.space.AppTest -->
</testng-results>
